<?xml version="1.0" encoding="UTF-8"?>
<testsuite xmlns:xsi="http://www.w3.org/2001/XMLSchema-instance" xsi:noNamespaceSchemaLocation="https://maven.apache.org/surefire/maven-surefire-plugin/xsd/surefire-test-report.xsd" version="3.0.2" name="iuh.fit.task_service.TaskServiceApplicationTests" time="9.298" tests="1" errors="0" skipped="0" failures="0">
  <properties>
[...]
</properties>
  <testcase name="contextLoads" classname="iuh.fit.task_service.TaskServiceApplicationTests" time="0.75">
    <system-out><![CDATA[19:15:16.968 [main] INFO org.springframework.test.context.support.AnnotationConfigContextLoaderUtils -- Could not detect default configuration classes for test class [iuh.fit.task_service.TaskServiceApplicationTests]: TaskServiceApplicationTests does not declare any static, non-private, non-final, nested classes annotated with @Configuration.
19:15:17.098 [main] INFO org.springframework.boot.test.context.SpringBootTestContextBootstrapper -- Found @SpringBootConfiguration iuh.fit.task_service.TaskServiceApplication for test class iuh.fit.task_service.TaskServiceApplicationTests

  .   ____          _            __ _ _
 /\\ / ___'_ __ _ _(_)_ __  __ _ \ \ \ \
( ( )\___ | '_ | '_| | '_ \/ _` | \ \ \ \
 \\/  ___)| |_)| | | | | || (_| |  ) ) ) )
  '  |____| .__|_| |_|_| |_\__, | / / / /
 =========|_|==============|___/=/_/_/_/

 :: Spring Boot ::                (v4.0.3)

2026-05-30T19:15:18.831+07:00  INFO 42980 --- [task-service] [           main] i.f.t.TaskServiceApplicationTests        : Starting TaskServiceApplicationTests using Java 21.0.8 with PID 42980 (started by daoducdanh in D:\UniCall\Backend\task-service)
2026-05-30T19:15:18.832+07:00  INFO 42980 --- [task-service] [           main] i.f.t.TaskServiceApplicationTests        : No active profile set, falling back to 1 default profile: "default"
2026-05-30T19:15:19.790+07:00  INFO 42980 --- [task-service] [           main] .s.d.r.c.RepositoryConfigurationDelegate : Multiple Spring Data modules found, entering strict repository configuration mode
2026-05-30T19:15:19.792+07:00  INFO 42980 --- [task-service] [           main] .s.d.r.c.RepositoryConfigurationDelegate : Bootstrapping Spring Data MongoDB repositories in DEFAULT mode.
2026-05-30T19:15:19.953+07:00  INFO 42980 --- [task-service] [           main] .s.d.r.c.RepositoryConfigurationDelegate : Finished Spring Data repository scanning in 152 ms. Found 3 MongoDB repository interfaces.
2026-05-30T19:15:20.290+07:00  INFO 42980 --- [task-service] [           main] o.s.cloud.context.scope.GenericScope     : BeanFactory id=2fefd563-3c55-3ca8-8537-29199bd0dfac
2026-05-30T19:15:20.720+07:00  INFO 42980 --- [task-service] [           main] org.mongodb.driver.client                : MongoClient with metadata {"driver": {"name": "mongo-java-driver|spring-boot|sync", "version": "5.6.3"}, "os": {"type": "Windows", "name": "Windows 11", "architecture": "amd64", "version": "10.0"}, "platform": "Java/Oracle Corporation/21.0.8+12-LTS-250"} created with settings MongoClientSettings{readPreference=primary, writeConcern=WriteConcern{w=null, wTimeout=null ms, journal=null}, retryWrites=true, retryReads=true, readConcern=ReadConcern{level=null}, credential=null, transportSettings=null, commandListeners=[], codecRegistry=ProvidersCodecRegistry{codecProviders=[ValueCodecProvider{}, BsonValueCodecProvider{}, DBRefCodecProvider{}, DBObjectCodecProvider{}, DocumentCodecProvider{}, CollectionCodecProvider{}, IterableCodecProvider{}, MapCodecProvider{}, GeoJsonCodecProvider{}, GridFSFileCodecProvider{}, Jsr310CodecProvider{}, JsonObjectCodecProvider{}, BsonCodecProvider{}, com.mongodb.client.model.mql.ExpressionCodecProvider@7e81617a, com.mongodb.Jep395RecordCodecProvider@6e73974, com.mongodb.KotlinCodecProvider@3e28dc96, EnumCodecProvider{}]}, loggerSettings=LoggerSettings{maxDocumentLength=1000}, clusterSettings={hosts=[localhost:27017], srvServiceName=mongodb, mode=SINGLE, requiredClusterType=UNKNOWN, requiredReplicaSetName='null', serverSelector='null', clusterListeners='[]', serverSelectionTimeout='30000 ms', localThreshold='15 ms'}, socketSettings=SocketSettings{connectTimeoutMS=10000, readTimeoutMS=0, receiveBufferSize=0, proxySettings=ProxySettings{host=null, port=null, username=null, password=null}}, heartbeatSocketSettings=SocketSettings{connectTimeoutMS=10000, readTimeoutMS=10000, receiveBufferSize=0, proxySettings=ProxySettings{host=null, port=null, username=null, password=null}}, connectionPoolSettings=ConnectionPoolSettings{maxSize=100, minSize=0, maxWaitTimeMS=120000, maxConnectionLifeTimeMS=0, maxConnectionIdleTimeMS=0, maintenanceInitialDelayMS=0, maintenanceFrequencyMS=60000, connectionPoolListeners=[], maxConnecting=2}, serverSettings=ServerSettings{heartbeatFrequencyMS=10000, minHeartbeatFrequencyMS=500, serverMonitoringMode=AUTO, serverListeners='[]', serverMonitorListeners='[]'}, sslSettings=SslSettings{enabled=false, invalidHostNameAllowed=false, context=null}, applicationName='null', compressorList=[], uuidRepresentation=UNSPECIFIED, serverApi=null, autoEncryptionSettings=null, dnsClient=null, inetAddressResolver=null, contextProvider=null, timeoutMS=null}
2026-05-30T19:15:20.752+07:00  INFO 42980 --- [task-service] [localhost:27017] org.mongodb.driver.cluster               : Monitor thread successfully connected to server with description ServerDescription{address=localhost:27017, type=STANDALONE, cryptd=false, state=CONNECTED, ok=true, minWireVersion=0, maxWireVersion=21, maxDocumentSize=16777216, logicalSessionTimeoutMinutes=30, roundTripTimeNanos=24849100, minRoundTripTimeNanos=0}
2026-05-30T19:15:21.954+07:00  INFO 42980 --- [task-service] [           main] o.s.cloud.commons.util.InetUtils         : Cannot determine local hostname
2026-05-30T19:15:22.797+07:00  WARN 42980 --- [task-service] [           main] .s.a.UserDetailsServiceAutoConfiguration : 

Using generated security password: 656ca71a-0d9f-481f-8f15-dd8200299f4b

This generated password is for development use only. Your security configuration must be updated before running your application in production.

2026-05-30T19:15:22.812+07:00  INFO 42980 --- [task-service] [           main] r$InitializeUserDetailsManagerConfigurer : Global AuthenticationManager configured with UserDetailsService bean with name inMemoryUserDetailsManager
2026-05-30T19:15:24.562+07:00  INFO 42980 --- [task-service] [           main] o.s.cloud.commons.util.InetUtils         : Cannot determine local hostname
2026-05-30T19:15:24.606+07:00  INFO 42980 --- [task-service] [           main] DiscoveryClientOptionalArgsConfiguration : Eureka HTTP Client uses RestClient.
2026-05-30T19:15:24.668+07:00  WARN 42980 --- [task-service] [           main] iguration$LoadBalancerCaffeineWarnLogger : Spring Cloud LoadBalancer is currently working with the default cache. While this cache implementation is useful for development and tests, it's recommended to use Caffeine cache in production.You can switch to using Caffeine cache, by adding it and org.springframework.cache.caffeine.CaffeineCacheManager to the classpath.
2026-05-30T19:15:24.706+07:00  INFO 42980 --- [task-service] [           main] o.s.c.n.eureka.InstanceInfoFactory       : Setting initial instance status as: STARTING
2026-05-30T19:15:24.768+07:00  INFO 42980 --- [task-service] [           main] com.netflix.discovery.DiscoveryClient    : Initializing Eureka in region us-east-1
2026-05-30T19:15:24.775+07:00  INFO 42980 --- [task-service] [           main] c.n.d.s.r.aws.ConfigClusterResolver      : Resolving eureka endpoints via configuration
2026-05-30T19:15:24.794+07:00  INFO 42980 --- [task-service] [           main] com.netflix.discovery.DiscoveryClient    : Disable delta property : false
2026-05-30T19:15:24.794+07:00  INFO 42980 --- [task-service] [           main] com.netflix.discovery.DiscoveryClient    : Single vip registry refresh property : null
2026-05-30T19:15:24.794+07:00  INFO 42980 --- [task-service] [           main] com.netflix.discovery.DiscoveryClient    : Force full registry fetch : false
2026-05-30T19:15:24.795+07:00  INFO 42980 --- [task-service] [           main] com.netflix.discovery.DiscoveryClient    : Application is null : false
2026-05-30T19:15:24.795+07:00  INFO 42980 --- [task-service] [           main] com.netflix.discovery.DiscoveryClient    : Registered Applications size is zero : true
2026-05-30T19:15:24.795+07:00  INFO 42980 --- [task-service] [           main] com.netflix.discovery.DiscoveryClient    : Application version is -1: true
2026-05-30T19:15:24.795+07:00  INFO 42980 --- [task-service] [           main] com.netflix.discovery.DiscoveryClient    : Getting all instance registry info from the eureka server
2026-05-30T19:15:25.227+07:00  INFO 42980 --- [task-service] [           main] com.netflix.discovery.DiscoveryClient    : The response status is 200
2026-05-30T19:15:25.230+07:00  INFO 42980 --- [task-service] [           main] com.netflix.discovery.DiscoveryClient    : Starting heartbeat executor: renew interval is: 30
2026-05-30T19:15:25.232+07:00  INFO 42980 --- [task-service] [           main] c.n.discovery.InstanceInfoReplicator     : InstanceInfoReplicator onDemand update allowed rate per min is 4
2026-05-30T19:15:25.235+07:00  INFO 42980 --- [task-service] [           main] com.netflix.discovery.DiscoveryClient    : Discovery Client initialized at timestamp 1780143325234 with initial instances count: 8
2026-05-30T19:15:25.238+07:00  INFO 42980 --- [task-service] [           main] o.s.c.n.e.s.EurekaServiceRegistry        : Registering application TASK-SERVICE with eureka with status UP
2026-05-30T19:15:25.239+07:00  INFO 42980 --- [task-service] [           main] com.netflix.discovery.DiscoveryClient    : Saw local status change event StatusChangeEvent [timestamp=1780143325239, current=UP, previous=STARTING]
2026-05-30T19:15:25.240+07:00  INFO 42980 --- [task-service] [foReplicator-%d] com.netflix.discovery.DiscoveryClient    : DiscoveryClient_TASK-SERVICE/localhost:task-service:8089: registering service...
2026-05-30T19:15:25.250+07:00  INFO 42980 --- [task-service] [           main] i.f.t.TaskServiceApplicationTests        : Started TaskServiceApplicationTests in 7.797 seconds (process running for 9.609)
2026-05-30T19:15:25.299+07:00  INFO 42980 --- [task-service] [foReplicator-%d] com.netflix.discovery.DiscoveryClient    : DiscoveryClient_TASK-SERVICE/localhost:task-service:8089 - registration status: 204
]]></system-out>
    <system-err><![CDATA[Mockito is currently self-attaching to enable the inline-mock-maker. This will no longer work in future releases of the JDK. Please add Mockito as an agent to your build as described in Mockito's documentation: https://javadoc.io/doc/org.mockito/mockito-core/latest/org.mockito/org/mockito/Mockito.html#0.3
WARNING: A Java agent has been loaded dynamically (C:\Users\daodu\.m2\repository\net\bytebuddy\byte-buddy-agent\1.17.8\byte-buddy-agent-1.17.8.jar)
WARNING: If a serviceability tool is in use, please run with -XX:+EnableDynamicAgentLoading to hide this warning
WARNING: If a serviceability tool is not in use, please run with -Djdk.instrument.traceUsage for more information
WARNING: Dynamic loading of agents will be disallowed by default in a future release
]]></system-err>
  </testcase>
</testsuite>